<?xml version="1.0" encoding="UTF-8" ?>
<testsuite failures="1" time="31.647" errors="0" skipped="8" tests="9" name="Facade.ClienteFacade1Test">
  <properties>
[...]
</properties>
  <testcase time="0" classname="Facade.ClienteFacade1Test" name="testRemove">
    <skipped/>
  </testcase>
  <testcase time="0.001" classname="Facade.ClienteFacade1Test" name="testEdit">
    <skipped/>
  </testcase>
  <testcase time="0.001" classname="Facade.ClienteFacade1Test" name="testInsert">
    <skipped/>
  </testcase>
  <testcase time="0.002" classname="Facade.ClienteFacade1Test" name="testFindAll">
    <skipped/>
  </testcase>
  <testcase time="0.002" classname="Facade.ClienteFacade1Test" name="testCreate">
    <skipped/>
  </testcase>
  <testcase time="0.002" classname="Facade.ClienteFacade1Test" name="testFind">
    <skipped/>
  </testcase>
  <testcase time="0.002" classname="Facade.ClienteFacade1Test" name="testCount">
    <skipped/>
  </testcase>
  <testcase time="31.603" classname="Facade.ClienteFacade1Test" name="testVerify">
    <failure message="Unexpected number of entities" type="java.lang.AssertionError">java.lang.AssertionError: Unexpected number of entities
	at org.junit.Assert.fail(Assert.java:93)
	at org.junit.Assert.assertTrue(Assert.java:43)
	at Facade.ClienteFacade1Test.testVerify(ClienteFacade1Test.java:175)
	at sun.reflect.NativeMethodAccessorImpl.invoke0(Native Method)
	at sun.reflect.NativeMethodAccessorImpl.invoke(NativeMethodAccessorImpl.java:57)
	at sun.reflect.DelegatingMethodAccessorImpl.invoke(DelegatingMethodAccessorImpl.java:43)
	at java.lang.reflect.Method.invoke(Method.java:601)
	at org.junit.runners.model.FrameworkMethod$1.runReflectiveCall(FrameworkMethod.java:45)
	at org.junit.internal.runners.model.ReflectiveCallable.run(ReflectiveCallable.java:15)
	at org.junit.runners.model.FrameworkMethod.invokeExplosively(FrameworkMethod.java:42)
	at org.junit.internal.runners.statements.InvokeMethod.evaluate(InvokeMethod.java:20)
	at org.junit.internal.runners.statements.RunBefores.evaluate(RunBefores.java:28)
	at org.junit.internal.runners.statements.RunAfters.evaluate(RunAfters.java:30)
	at org.junit.runners.ParentRunner.runLeaf(ParentRunner.java:263)
	at org.junit.runners.BlockJUnit4ClassRunner.runChild(BlockJUnit4ClassRunner.java:68)
	at org.junit.runners.BlockJUnit4ClassRunner.runChild(BlockJUnit4ClassRunner.java:47)
	at org.junit.runners.ParentRunner$3.run(ParentRunner.java:231)
	at org.junit.runners.ParentRunner$1.schedule(ParentRunner.java:60)
	at org.junit.runners.ParentRunner.runChildren(ParentRunner.java:229)
	at org.junit.runners.ParentRunner.access$000(ParentRunner.java:50)
	at org.junit.runners.ParentRunner$2.evaluate(ParentRunner.java:222)
	at org.junit.internal.runners.statements.RunBefores.evaluate(RunBefores.java:28)
	at org.junit.internal.runners.statements.RunAfters.evaluate(RunAfters.java:30)
	at org.junit.runners.ParentRunner.run(ParentRunner.java:300)
	at org.apache.maven.surefire.junit4.JUnit4TestSet.execute(JUnit4TestSet.java:53)
	at org.apache.maven.surefire.junit4.JUnit4Provider.executeTestSet(JUnit4Provider.java:123)
	at org.apache.maven.surefire.junit4.JUnit4Provider.invoke(JUnit4Provider.java:104)
	at sun.reflect.NativeMethodAccessorImpl.invoke0(Native Method)
	at sun.reflect.NativeMethodAccessorImpl.invoke(NativeMethodAccessorImpl.java:57)
	at sun.reflect.DelegatingMethodAccessorImpl.invoke(DelegatingMethodAccessorImpl.java:43)
	at java.lang.reflect.Method.invoke(Method.java:601)
	at org.apache.maven.surefire.util.ReflectionUtils.invokeMethodWithArray(ReflectionUtils.java:164)
	at org.apache.maven.surefire.booter.ProviderFactory$ProviderProxy.invoke(ProviderFactory.java:110)
	at org.apache.maven.surefire.booter.SurefireStarter.invokeProvider(SurefireStarter.java:175)
	at org.apache.maven.surefire.booter.SurefireStarter.runSuitesInProcessWhenForked(SurefireStarter.java:107)
	at org.apache.maven.surefire.booter.ForkedBooter.main(ForkedBooter.java:68)
</failure>
    <system-out>verify
Found populator: org.glassfish.kernel.embedded.EmbeddedDomainXml
JdbcRuntimeExtension,  getAllSystemRAResourcesAndPools = [GlassFishConfigBean.org.glassfish.jdbc.config.JdbcResource, GlassFishConfigBean.org.glassfish.jdbc.config.JdbcResource, GlassFishConfigBean.org.glassfish.jdbc.config.JdbcConnectionPool, GlassFishConfigBean.org.glassfish.jdbc.config.JdbcConnectionPool, GlassFishConfigBean.org.glassfish.jdbc.config.JdbcConnectionPool, GlassFishConfigBean.org.glassfish.jdbc.config.JdbcResource, GlassFishConfigBean.org.glassfish.jdbc.config.JdbcConnectionPool, GlassFishConfigBean.org.glassfish.jdbc.config.JdbcResource]
Inserting entities...
Found: rodrigo
Found: Marco
Found: gissela peralta
Found: Entity number 700 created at 
Found: Entity number 705 created at 
Found: Entity number 704 created at 
Found: Entity number 701 created at 
Found: Entity number 703 created at 
Found: Entity number 702 created at 
JPA call returned: 9
Done calling EJB
</system-out>
    <system-err>oct 08, 2013 8:14:54 PM org.glassfish.ejb.embedded.EJBContainerProviderImpl createContainer
INFO: [EJBContainerProviderImpl] Using installation location D:\Cynthia\GlassFish_Server\glassfish
oct 08, 2013 8:14:54 PM org.glassfish.ejb.embedded.EJBContainerProviderImpl createContainer
INFO: [EJBContainerProviderImpl] Using config file location: file:/C:/Users/Cynthia/AppData/Local/Temp/domain1100289094263986252xml
oct 08, 2013 8:14:54 PM org.glassfish.ejb.embedded.EJBContainerProviderImpl createContainer
INFO: [EJBContainerProviderImpl] Using runtime class: class com.sun.enterprise.glassfish.bootstrap.StaticGlassFishRuntime
oct 08, 2013 8:14:55 PM org.hibernate.validator.internal.util.Version &lt;clinit&gt;
INFO: HV000001: Hibernate Validator 5.0.0.Final
oct 08, 2013 8:14:56 PM com.sun.enterprise.security.auth.realm.Realm doInstantiate
INFO: realm.loaded.successfully
oct 08, 2013 8:14:56 PM com.sun.enterprise.security.auth.realm.Realm doInstantiate
INFO: realm.loaded.successfully
oct 08, 2013 8:14:56 PM com.sun.enterprise.security.auth.realm.Realm doInstantiate
INFO: realm.loaded.successfully
oct 08, 2013 8:14:56 PM org.glassfish.ha.store.spi.BackingStoreFactoryRegistry register
INFO: Registered org.glassfish.ha.store.adapter.cache.ShoalBackingStoreProxy for persistence-type = replicated in BackingStoreFactoryRegistry
oct 08, 2013 8:14:56 PM com.sun.enterprise.v3.server.AppServerStartup postStartupJob
INFO: GlassFish Server Open Source Edition  4.0  (89) startup time : Embedded (829ms), startup services(805ms), total(1.634ms)
oct 08, 2013 8:14:56 PM org.glassfish.security.services.impl.authorization.AuthorizationServiceImpl initialize
INFO: Authorization Service has successfully initialized.
oct 08, 2013 8:14:56 PM org.glassfish.admin.mbeanserver.JMXStartupService$JMXConnectorsStarterThread run
INFO: JMXStartupService has disabled JMXConnector system
oct 08, 2013 8:14:56 PM org.glassfish.jersey.server.ApplicationHandler initialize
INFO: Initiating Jersey application, version Jersey: 2.0 2013-05-03 14:50:15...
oct 08, 2013 8:14:57 PM org.glassfish.admin.mbeanserver.JMXStartupService shutdown
INFO: JMXStartupService and JMXConnectors have been shut down.
oct 08, 2013 8:14:57 PM com.sun.enterprise.v3.server.AppServerStartup stop
INFO: Shutdown procedure finished
oct 08, 2013 8:14:57 PM org.glassfish.ha.store.spi.BackingStoreFactoryRegistry register
INFO: Registered org.glassfish.ha.store.adapter.cache.ShoalBackingStoreProxy for persistence-type = replicated in BackingStoreFactoryRegistry
oct 08, 2013 8:14:57 PM com.sun.enterprise.v3.server.AppServerStartup postStartupJob
INFO: GlassFish Server Open Source Edition  4.0  (89) startup time : Embedded (2.887ms), startup services(21ms), total(2.908ms)
oct 08, 2013 8:14:57 PM org.glassfish.jersey.server.ApplicationHandler initialize
INFO: Initiating Jersey application, version Jersey: 2.0 2013-05-03 14:50:15...
oct 08, 2013 8:14:57 PM org.glassfish.admin.mbeanserver.JMXStartupService$JMXConnectorsStarterThread run
INFO: JMXStartupService has disabled JMXConnector system
oct 08, 2013 8:14:57 PM org.glassfish.ejb.embedded.EJBContainerProviderImpl skipJar
INFO: ... skipping entry with a Manifest file with a special attribute: org.eclipse.persistence.jpa.modelgen.processor-2.5.0-SNAPSHOT.jar
oct 08, 2013 8:14:57 PM org.glassfish.ejb.embedded.EJBContainerProviderImpl skipJar
INFO: ... skipping entry with a Manifest file with a special attribute: org.eclipse.persistence.core-2.5.0-SNAPSHOT.jar
oct 08, 2013 8:14:57 PM org.glassfish.ejb.embedded.EJBContainerProviderImpl skipJar
INFO: ... skipping entry with a Manifest file with a special attribute: org.eclipse.persistence.asm-2.5.0-SNAPSHOT.jar
oct 08, 2013 8:14:57 PM org.glassfish.ejb.embedded.EJBContainerProviderImpl skipJar
INFO: ... skipping entry with a Manifest file with a special attribute: org.eclipse.persistence.jpa-2.5.0-SNAPSHOT.jar
oct 08, 2013 8:14:57 PM org.glassfish.ejb.embedded.EJBContainerProviderImpl skipJar
INFO: ... skipping entry with a Manifest file with a special attribute: org.eclipse.persistence.antlr-2.5.0-SNAPSHOT.jar
oct 08, 2013 8:14:57 PM org.glassfish.ejb.embedded.EJBContainerProviderImpl skipJar
INFO: ... skipping entry with a Manifest file with a special attribute: org.eclipse.persistence.jpa.jpql-2.5.0-SNAPSHOT.jar
oct 08, 2013 8:14:57 PM org.glassfish.ejb.embedded.EJBContainerProviderImpl skipJar
INFO: ... skipping entry with a Manifest file with a special attribute: glassfish-embedded-static-shell.jar
oct 08, 2013 8:14:58 PM org.glassfish.ejb.embedded.DeploymentElement getOrCreateApplication
INFO: [DeploymentElement] adding EJB module to ScatteredArchive classes
oct 08, 2013 8:14:58 PM org.glassfish.ejb.embedded.DeploymentElement getOrCreateApplication
INFO: [DeploymentElement] adding library to ScatteredArchive javax.persistence-2.1.0-SNAPSHOT.jar
oct 08, 2013 8:14:58 PM org.glassfish.ejb.embedded.DeploymentElement getOrCreateApplication
INFO: [DeploymentElement] adding library to ScatteredArchive test-classes
oct 08, 2013 8:14:58 PM org.glassfish.ejb.embedded.DeploymentElement getOrCreateApplication
INFO: [DeploymentElement] adding library to ScatteredArchive eclipselink-2.5.0-SNAPSHOT.jar
oct 08, 2013 8:14:58 PM org.glassfish.ejb.embedded.DeploymentElement getOrCreateApplication
INFO: [DeploymentElement] adding library to ScatteredArchive junit-4.10.jar
oct 08, 2013 8:14:58 PM org.glassfish.ejb.embedded.DeploymentElement getOrCreateApplication
INFO: [DeploymentElement] adding library to ScatteredArchive javaee-web-api-6.0.jar
oct 08, 2013 8:14:58 PM org.glassfish.ejb.embedded.DeploymentElement getOrCreateApplication
INFO: [DeploymentElement] adding library to ScatteredArchive commonj.sdo-2.1.1.jar
oct 08, 2013 8:14:58 PM org.glassfish.ejb.embedded.DeploymentElement getOrCreateApplication
INFO: [DeploymentElement] adding library to ScatteredArchive hamcrest-core-1.1.jar
oct 08, 2013 8:14:58 PM org.glassfish.ejb.embedded.EJBContainerImpl deploy
INFO: [EJBContainerImpl] Deploying app: org.glassfish.embeddable.archive.ScatteredArchive@33ac7c40
oct 08, 2013 8:14:58 PM org.glassfish.ejb.embedded.EJBContainerImpl deploy
INFO: [EJBContainerImpl] GlassFish status: STARTED
oct 08, 2013 8:14:58 PM org.glassfish.ejb.embedded.EJBContainerImpl deploy
INFO: [EJBContainerImpl] Deploying as a ScatteredArchive
oct 08, 2013 8:15:19 PM com.sun.enterprise.security.ssl.impl.SecuritySupportImpl checkCertificateDates
SEVERE: SEC5054: Certificate has expired: [
[
  Version: V3
  Subject: CN=GTE CyberTrust Root 5, OU=&quot;GTE CyberTrust Solutions, Inc.&quot;, O=GTE Corporation, C=US
  Signature Algorithm: SHA1withRSA, OID = 1.2.840.113549.1.1.5

  Key:  Sun RSA public key, 2048 bits
  modulus: 23741889829347261660812437366387754385443431973861114865490414153884050331745811968523116847625570146592736935209718565296053386842135985534863157983128812774162998053673746470782252407673402238146869994438729551246768368782318393878374421033907597162218758024581735139682087126982809511479059100617027892880227587855877479432885604404402435662802390484099065871430585284534529627347717530352189612077130606642676951640071336717026459037542552927905851171460589361570392199748753414855675665635003335769915908187224347232807336022456537328962095005323382940080676931822787496212635993279098588863972868266229522169377
  public exponent: 65537
  Validity: [From: Fri Aug 14 10:50:00 PYT 1998,
               To: Wed Aug 14 19:59:00 PYT 2013]
  Issuer: CN=GTE CyberTrust Root 5, OU=&quot;GTE CyberTrust Solutions, Inc.&quot;, O=GTE Corporation, C=US
  SerialNumber: [    01b6]

Certificate Extensions: 4
[1]: ObjectId: 2.5.29.19 Criticality=true
BasicConstraints:[
  CA:true
  PathLen:5
]

[2]: ObjectId: 2.5.29.32 Criticality=false
CertificatePolicies [
  [CertificatePolicyId: [1.2.840.113763.1.2.1.3]
[]  ]
]

[3]: ObjectId: 2.5.29.15 Criticality=true
KeyUsage [
  Key_CertSign
  Crl_Sign
]

[4]: ObjectId: 2.5.29.14 Criticality=false
SubjectKeyIdentifier [
KeyIdentifier [
0000: 76 0A 49 21 38 4C 9F DE   F8 C4 49 C7 71 71 91 9D  v.I!8L....I.qq..
]
]

]
  Algorithm: [SHA1withRSA]
  Signature:
0000: 41 3A D4 18 5B DA B8 DE   21 1C E1 8E 09 E5 F1 68  A:..[...!......h
0010: 34 FF DE 96 F4 07 F5 A7   3C F3 AC 4A B1 9B FA 92  4.......&lt;..J....
0020: FA 9B ED E6 32 21 AA 4A   76 C5 DC 4F 38 E5 DF D5  ....2!.Jv..O8...
0030: 86 E4 D5 C8 76 7D 98 D7   B1 CD 8F 4D B5 91 23 6C  ....v......M..#l
0040: 8B 8A EB EA 7C EF 14 94   C4 C6 F0 1F 4A 2D 32 71  ............J-2q
0050: 63 2B 63 91 26 02 09 B6   80 1D ED E2 CC B8 7F DB  c+c.&amp;...........
0060: 87 63 C8 E1 D0 6C 26 B1   35 1D 40 66 10 1B CD 95  .c...l&amp;.5.@f....
0070: 54 18 33 61 EC 13 4F DA   13 F7 99 AF 3E D0 CF 8E  T.3a..O.....&gt;...
0080: A6 72 A2 B3 C3 05 9A C9   27 7D 92 CC 7E 52 8D B3  .r......&apos;....R..
0090: AB 70 6D 9E 89 9F 4D EB   1A 75 C2 98 AA D5 02 16  .pm...M..u......
00A0: D7 0C 8A BF 25 E4 EB 2D   BC 98 E9 58 38 19 7C B9  ....%..-...X8...
00B0: 37 FE DB E2 99 08 73 06   C7 97 83 6A 7D 10 01 2F  7.....s....j.../
00C0: 32 B9 17 05 4A 65 E6 2F   CE BE 5E 53 A6 82 E9 9A  2...Je./..^S....
00D0: 53 0A 84 74 2D 83 CA C8   94 16 76 5F 94 61 28 F0  S..t-.....v_.a(.
00E0: 85 A7 39 BB D7 8B D9 A8   B2 13 1D 54 09 34 24 7D  ..9........T.4$.
00F0: 20 81 7D 66 7E A2 90 74   5C 10 C6 BD EC AB 1B C2   ..f...t\.......

]
oct 08, 2013 8:15:19 PM com.sun.enterprise.security.SecurityLifecycle &lt;init&gt;
INFO: security.secmgroff
oct 08, 2013 8:15:19 PM com.sun.enterprise.security.SecurityLifecycle onInitialization
INFO: sec.service.startup.enter
oct 08, 2013 8:15:19 PM com.sun.enterprise.security.PolicyLoader loadPolicy
INFO: policy.loading
oct 08, 2013 8:15:19 PM com.sun.enterprise.security.SecurityLifecycle onInitialization
INFO: sec.service.startup.exit
oct 08, 2013 8:15:22 PM org.eclipse.persistence.session.file:/C:/Users/Cynthia/AppData/Local/Temp/gfembed9217059528244825835tmp/applications/classes/_CRUDPU
INFO: EclipseLink, version: Eclipse Persistence Services - 2.5.0.v20130507-3faac2b
oct 08, 2013 8:15:22 PM org.eclipse.persistence.session.file:/C:/Users/Cynthia/AppData/Local/Temp/gfembed9217059528244825835tmp/applications/classes/_CRUDPU.connection
INFO: file:/C:/Users/Cynthia/AppData/Local/Temp/gfembed9217059528244825835tmp/applications/classes/_CRUDPU login successful
oct 08, 2013 8:15:22 PM org.eclipse.persistence.session.file:/C:/Users/Cynthia/AppData/Local/Temp/gfembed9217059528244825835tmp/applications/classes/_CRUDPU.server
WARNING: Failed to find MBean Server: null or empty List returned from MBeanServerFactory.findMBeanServer(null)
oct 08, 2013 8:15:22 PM org.glassfish.persistence.common.Java2DBProcessorHelper executeDDLs
WARNING: PER01000: Got SQLException executing statement &quot;CREATE TABLE CLIENTE (id_cliente INTEGER NOT NULL, ci VARCHAR(255), direccion VARCHAR(255), nombre VARCHAR(255), PRIMARY KEY (id_cliente))&quot;: org.postgresql.util.PSQLException: ERROR: la relación «cliente» ya existe
oct 08, 2013 8:15:22 PM org.glassfish.persistence.common.Java2DBProcessorHelper executeDDLs
WARNING: PER01000: Got SQLException executing statement &quot;CREATE TABLE PAGO (ID INTEGER NOT NULL, cuotas INTEGER, forma_pago INTEGER, id_venta INTEGER, PRIMARY KEY (ID))&quot;: org.postgresql.util.PSQLException: ERROR: la relación «pago» ya existe
oct 08, 2013 8:15:22 PM org.glassfish.persistence.common.Java2DBProcessorHelper executeDDLs
WARNING: PER01000: Got SQLException executing statement &quot;CREATE TABLE VENTA (id_venta INTEGER NOT NULL, total_venta INTEGER, id_cliente INTEGER, PRIMARY KEY (id_venta))&quot;: org.postgresql.util.PSQLException: ERROR: la relación «venta» ya existe
oct 08, 2013 8:15:22 PM org.glassfish.persistence.common.Java2DBProcessorHelper executeDDLs
WARNING: PER01000: Got SQLException executing statement &quot;CREATE TABLE PRODUCTO (id_producto INTEGER NOT NULL, cantidad INTEGER, descripcion VARCHAR(255), nombre VARCHAR(255), precio INTEGER, PRIMARY KEY (id_producto))&quot;: org.postgresql.util.PSQLException: ERROR: la relación «producto» ya existe
oct 08, 2013 8:15:22 PM org.glassfish.persistence.common.Java2DBProcessorHelper executeDDLs
WARNING: PER01000: Got SQLException executing statement &quot;CREATE TABLE VENTADETALLE (id_ventadetalle INTEGER NOT NULL, cant_venta INTEGER, id_producto INTEGER, id_venta INTEGER, PRIMARY KEY (id_ventadetalle))&quot;: org.postgresql.util.PSQLException: ERROR: la relación «ventadetalle» ya existe
oct 08, 2013 8:15:22 PM org.glassfish.persistence.common.Java2DBProcessorHelper executeDDLs
WARNING: PER01000: Got SQLException executing statement &quot;ALTER TABLE PAGO ADD CONSTRAINT FK_PAGO_id_venta FOREIGN KEY (id_venta) REFERENCES VENTA (id_venta)&quot;: org.postgresql.util.PSQLException: ERROR: la restricción «fk_pago_id_venta» para la relación «pago» ya existe
oct 08, 2013 8:15:22 PM org.glassfish.persistence.common.Java2DBProcessorHelper executeDDLs
WARNING: PER01000: Got SQLException executing statement &quot;ALTER TABLE VENTA ADD CONSTRAINT FK_VENTA_id_cliente FOREIGN KEY (id_cliente) REFERENCES CLIENTE (id_cliente)&quot;: org.postgresql.util.PSQLException: ERROR: la restricción «fk_venta_id_cliente» para la relación «venta» ya existe
oct 08, 2013 8:15:22 PM org.glassfish.persistence.common.Java2DBProcessorHelper executeDDLs
WARNING: PER01000: Got SQLException executing statement &quot;ALTER TABLE VENTADETALLE ADD CONSTRAINT FK_VENTADETALLE_id_producto FOREIGN KEY (id_producto) REFERENCES PRODUCTO (id_producto)&quot;: org.postgresql.util.PSQLException: ERROR: la restricción «fk_ventadetalle_id_producto» para la relación «ventadetalle» ya existe
oct 08, 2013 8:15:22 PM org.glassfish.persistence.common.Java2DBProcessorHelper executeDDLs
WARNING: PER01000: Got SQLException executing statement &quot;ALTER TABLE VENTADETALLE ADD CONSTRAINT FK_VENTADETALLE_id_venta FOREIGN KEY (id_venta) REFERENCES VENTA (id_venta)&quot;: org.postgresql.util.PSQLException: ERROR: la restricción «fk_ventadetalle_id_venta» para la relación «ventadetalle» ya existe
oct 08, 2013 8:15:22 PM org.glassfish.persistence.common.Java2DBProcessorHelper executeDDLs
WARNING: PER01000: Got SQLException executing statement &quot;CREATE TABLE SEQUENCE (SEQ_NAME VARCHAR(50) NOT NULL, SEQ_COUNT DECIMAL(38), PRIMARY KEY (SEQ_NAME))&quot;: org.postgresql.util.PSQLException: ERROR: la relación «sequence» ya existe
oct 08, 2013 8:15:22 PM org.glassfish.persistence.common.Java2DBProcessorHelper executeDDLs
WARNING: PER01000: Got SQLException executing statement &quot;INSERT INTO SEQUENCE(SEQ_NAME, SEQ_COUNT) values (&apos;SEQ_GEN&apos;, 0)&quot;: org.postgresql.util.PSQLException: ERROR: llave duplicada viola restricción de unicidad «sequence_pkey»
  Detail: Ya existe la llave (seq_name)=(SEQ_GEN).
oct 08, 2013 8:15:22 PM com.sun.ejb.containers.BaseContainer initializeHome
INFO: EJB5181:Portable JNDI names for EJB VentaDetalleFacade: [java:global/classes/VentaDetalleFacade!Facade.VentaDetalleFacade, java:global/classes/VentaDetalleFacade]
oct 08, 2013 8:15:22 PM com.sun.ejb.containers.BaseContainer initializeHome
INFO: EJB5181:Portable JNDI names for EJB VentaFacade: [java:global/classes/VentaFacade, java:global/classes/VentaFacade!Facade.VentaFacade]
oct 08, 2013 8:15:22 PM com.sun.ejb.containers.BaseContainer initializeHome
INFO: EJB5181:Portable JNDI names for EJB PagoFacade: [java:global/classes/PagoFacade, java:global/classes/PagoFacade!Facade.PagoFacade]
oct 08, 2013 8:15:22 PM com.sun.ejb.containers.BaseContainer initializeHome
INFO: EJB5181:Portable JNDI names for EJB ProductoFacade: [java:global/classes/ProductoFacade, java:global/classes/ProductoFacade!Facade.ProductoFacade]
oct 08, 2013 8:15:22 PM com.sun.ejb.containers.BaseContainer initializeHome
INFO: EJB5181:Portable JNDI names for EJB ClienteFacade: [java:global/classes/ClienteFacade, java:global/classes/ClienteFacade!Facade.ClienteFacade]
oct 08, 2013 8:15:23 PM org.jboss.weld.bootstrap.WeldBootstrap &lt;clinit&gt;
INFO: WELD-000900 2.0.0 (SP1)
oct 08, 2013 8:15:23 PM org.glassfish.weld.BeanDeploymentArchiveImpl handleEntry
WARNING: AS-CDI-005
oct 08, 2013 8:15:23 PM org.glassfish.weld.BeanDeploymentArchiveImpl handleEntry
WARNING: AS-CDI-005
oct 08, 2013 8:15:23 PM org.glassfish.weld.BeanDeploymentArchiveImpl handleEntry
WARNING: AS-CDI-005
oct 08, 2013 8:15:23 PM org.glassfish.weld.BeanDeploymentArchiveImpl handleEntry
WARNING: AS-CDI-005
oct 08, 2013 8:15:24 PM org.glassfish.weld.BeanDeploymentArchiveImpl handleEntry
WARNING: AS-CDI-005
oct 08, 2013 8:15:24 PM org.glassfish.weld.BeanDeploymentArchiveImpl handleEntry
WARNING: AS-CDI-005
oct 08, 2013 8:15:24 PM org.glassfish.weld.BeanDeploymentArchiveImpl handleEntry
WARNING: AS-CDI-005
oct 08, 2013 8:15:24 PM org.glassfish.weld.BeanDeploymentArchiveImpl handleEntry
WARNING: AS-CDI-005
oct 08, 2013 8:15:24 PM org.glassfish.weld.BeanDeploymentArchiveImpl handleEntry
WARNING: AS-CDI-005
oct 08, 2013 8:15:24 PM org.glassfish.weld.BeanDeploymentArchiveImpl handleEntry
WARNING: AS-CDI-005
</system-err>
  </testcase>
  <testcase time="31.604" classname="Facade.ClienteFacade1Test" name="testFindRange">
    <skipped/>
  </testcase>
</testsuite>